app/build/intermediates/manifest_merge_blame_file/debug/manifest-merger-blame-debug-report.txt
1<?xml version="1.0" encoding="utf-8"?>
2<manifest xmlns:android="http://schemas.android.com/apk/res/android"
3    package="id.masnadh.myapppeg"
4    android:versionCode="1"
5    android:versionName="1.1" >
6
7    <uses-sdk
8        android:minSdkVersion="21"
8-->src\main\AndroidManifest.xml
9        android:targetSdkVersion="28" />
9-->src\main\AndroidManifest.xml
10
11    <uses-permission android:name="android.permission.INTERNET" />
11-->src\main\AndroidManifest.xml:5:5-67
11-->src\main\AndroidManifest.xml:5:22-64
12    <uses-permission android:name="android.permission.ACCESS_NETWORK_STATE" />
12-->src\main\AndroidManifest.xml:6:5-79
12-->src\main\AndroidManifest.xml:6:22-76
13    <uses-permission android:name="android.permission.READ_EXTERNAL_STORAGE" />
13-->src\main\AndroidManifest.xml:7:5-80
13-->src\main\AndroidManifest.xml:7:22-77
14    <uses-permission android:name="android.permission.WRITE_EXTERNAL_STORAGE" />
14-->src\main\AndroidManifest.xml:8:5-81
14-->src\main\AndroidManifest.xml:8:22-78
15
16    <application
16-->src\main\AndroidManifest.xml:10:5-44:19
17        android:name="id.masnadh.myapppeg.connections.AppController"
17-->src\main\AndroidManifest.xml:11:9-50
18        android:allowBackup="true"
18-->src\main\AndroidManifest.xml:12:9-35
19        android:appComponentFactory="androidx.core.app.CoreComponentFactory"
19-->[androidx.core:core:1.1.0] AndroidManifest.xml:24:18-86
20        android:debuggable="true"
21        android:icon="@mipmap/ic_launcher"
21-->src\main\AndroidManifest.xml:13:9-43
22        android:label="@string/app_name"
22-->src\main\AndroidManifest.xml:14:9-41
23        android:roundIcon="@mipmap/ic_launcher_round"
23-->src\main\AndroidManifest.xml:15:9-54
24        android:supportsRtl="true"
24-->src\main\AndroidManifest.xml:16:9-35
25        android:testOnly="true"
26        android:theme="@style/AppTheme"
26-->src\main\AndroidManifest.xml:17:9-40
27        android:usesCleartextTraffic="true" >
27-->src\main\AndroidManifest.xml:18:9-44
28        <activity android:name="id.masnadh.myapppeg.tambahHapusData.HapusPasutriActivity" />
28-->src\main\AndroidManifest.xml:19:9-73
28-->src\main\AndroidManifest.xml:19:19-71
29        <activity android:name="id.masnadh.myapppeg.activities.PasutriActivity" />
29-->src\main\AndroidManifest.xml:20:9-64
29-->src\main\AndroidManifest.xml:20:19-61
30        <activity android:name="id.masnadh.myapppeg.tambahHapusData.TambahPasutriActivity" />
30-->src\main\AndroidManifest.xml:21:9-75
30-->src\main\AndroidManifest.xml:21:19-72
31        <activity android:name="id.masnadh.myapppeg.activities.DeleteActivity" />
31-->src\main\AndroidManifest.xml:22:9-63
31-->src\main\AndroidManifest.xml:22:19-60
32        <activity android:name="id.masnadh.myapppeg.activities.TambahPendidikanActivity" />
32-->src\main\AndroidManifest.xml:23:9-73
32-->src\main\AndroidManifest.xml:23:19-70
33        <activity android:name="id.masnadh.myapppeg.adminActivies.AdminActivity" />
33-->src\main\AndroidManifest.xml:24:9-65
33-->src\main\AndroidManifest.xml:24:19-62
34        <activity android:name="id.masnadh.myapppeg.ListActivity" />
34-->src\main\AndroidManifest.xml:25:9-50
34-->src\main\AndroidManifest.xml:25:19-47
35        <activity android:name="id.masnadh.myapppeg.activities.TestActivity" />
35-->src\main\AndroidManifest.xml:26:9-61
35-->src\main\AndroidManifest.xml:26:19-58
36        <activity android:name="id.masnadh.myapppeg.activities.DataActivity" />
36-->src\main\AndroidManifest.xml:27:9-61
36-->src\main\AndroidManifest.xml:27:19-58
37        <activity android:name="id.masnadh.myapppeg.activities.AbsenActivity" />
37-->src\main\AndroidManifest.xml:28:9-62
37-->src\main\AndroidManifest.xml:28:19-59
38        <activity android:name="id.masnadh.myapppeg.activities.RombelActivity" />
38-->src\main\AndroidManifest.xml:29:9-63
38-->src\main\AndroidManifest.xml:29:19-60
39        <activity android:name="id.masnadh.myapppeg.activities.SKPActivity" />
39-->src\main\AndroidManifest.xml:30:9-60
39-->src\main\AndroidManifest.xml:30:19-57
40        <activity android:name="id.masnadh.myapppeg.activities.PendidikanActivity" />
40-->src\main\AndroidManifest.xml:31:9-67
40-->src\main\AndroidManifest.xml:31:19-64
41        <activity android:name="id.masnadh.myapppeg.activities.RiwayatPegActivity" />
41-->src\main\AndroidManifest.xml:32:9-67
41-->src\main\AndroidManifest.xml:32:19-64
42        <activity android:name="id.masnadh.myapppeg.activities.PendukungActivity" />
42-->src\main\AndroidManifest.xml:33:9-66
42-->src\main\AndroidManifest.xml:33:19-63
43        <activity android:name="id.masnadh.myapppeg.activities.UbahActivity" />
43-->src\main\AndroidManifest.xml:34:9-61
43-->src\main\AndroidManifest.xml:34:19-58
44        <activity android:name="id.masnadh.myapppeg.activities.RegisterActivity" />
44-->src\main\AndroidManifest.xml:35:9-65
44-->src\main\AndroidManifest.xml:35:19-62
45        <activity android:name="id.masnadh.myapppeg.MainActivity" />
45-->src\main\AndroidManifest.xml:36:9-50
45-->src\main\AndroidManifest.xml:36:19-47
46        <activity android:name="id.masnadh.myapppeg.activities.LoginActivity" >
46-->src\main\AndroidManifest.xml:37:9-43:20
46-->src\main\AndroidManifest.xml:37:19-59
47            <intent-filter>
47-->src\main\AndroidManifest.xml:38:13-42:29
48                <action android:name="android.intent.action.MAIN" />
48-->src\main\AndroidManifest.xml:39:17-69
48-->src\main\AndroidManifest.xml:39:25-66
49
50                <category android:name="android.intent.category.LAUNCHER" />
50-->src\main\AndroidManifest.xml:41:17-77
50-->src\main\AndroidManifest.xml:41:27-74
51            </intent-filter>
52        </activity>
53
54        <provider
54-->[androidx.lifecycle:lifecycle-process:2.0.0] AndroidManifest.xml:23:9-27:43
55            android:name="androidx.lifecycle.ProcessLifecycleOwnerInitializer"
55-->[androidx.lifecycle:lifecycle-process:2.0.0] AndroidManifest.xml:24:13-79
56            android:authorities="id.masnadh.myapppeg.lifecycle-process"
56-->[androidx.lifecycle:lifecycle-process:2.0.0] AndroidManifest.xml:25:13-69
57            android:exported="false"
57-->[androidx.lifecycle:lifecycle-process:2.0.0] AndroidManifest.xml:26:13-37
58            android:multiprocess="true" />
58-->[androidx.lifecycle:lifecycle-process:2.0.0] AndroidManifest.xml:27:13-40
59    </application>
60
61</manifest>